2025-07-10 14:13:19 [INFO] app: ✅ Logging initialized successfully
2025-07-10 14:13:20 [INFO] app: ✅ Logging initialized successfully
2025-07-10 14:13:21 [INFO] sqlalchemy.engine.Engine: select pg_catalog.version()
2025-07-10 14:13:21 [INFO] sqlalchemy.engine.Engine: [raw sql] ()
2025-07-10 14:13:21 [INFO] sqlalchemy.engine.Engine: select current_schema()
2025-07-10 14:13:21 [INFO] sqlalchemy.engine.Engine: [raw sql] ()
2025-07-10 14:13:21 [INFO] sqlalchemy.engine.Engine: show standard_conforming_strings
2025-07-10 14:13:21 [INFO] sqlalchemy.engine.Engine: [raw sql] ()
2025-07-10 14:13:21 [INFO] sqlalchemy.engine.Engine: BEGIN (implicit)
2025-07-10 14:13:21 [INFO] sqlalchemy.engine.Engine: SELECT pg_catalog.pg_class.relname 
FROM pg_catalog.pg_class JOIN pg_catalog.pg_namespace ON pg_catalog.pg_namespace.oid = pg_catalog.pg_class.relnamespace 
WHERE pg_catalog.pg_class.relname = $1::VARCHAR AND pg_catalog.pg_class.relkind = ANY (ARRAY[$2::VARCHAR, $3::VARCHAR, $4::VARCHAR, $5::VARCHAR, $6::VARCHAR]) AND pg_catalog.pg_table_is_visible(pg_catalog.pg_class.oid) AND pg_catalog.pg_namespace.nspname != $7::VARCHAR
2025-07-10 14:13:21 [INFO] sqlalchemy.engine.Engine: [generated in 0.00049s] ('users', 'r', 'p', 'f', 'v', 'm', 'pg_catalog')
2025-07-10 14:13:21 [INFO] app.db.postgres_init: Created tables
2025-07-10 14:13:21 [INFO] sqlalchemy.engine.Engine: COMMIT
2025-07-10 14:15:53 [INFO] app: ✅ Logging initialized successfully
2025-07-10 14:15:55 [INFO] app: ✅ Logging initialized successfully
2025-07-10 14:15:56 [INFO] sqlalchemy.engine.Engine: select pg_catalog.version()
2025-07-10 14:15:56 [INFO] sqlalchemy.engine.Engine: [raw sql] ()
2025-07-10 14:15:56 [INFO] sqlalchemy.engine.Engine: select current_schema()
2025-07-10 14:15:56 [INFO] sqlalchemy.engine.Engine: [raw sql] ()
2025-07-10 14:15:56 [INFO] sqlalchemy.engine.Engine: show standard_conforming_strings
2025-07-10 14:15:56 [INFO] sqlalchemy.engine.Engine: [raw sql] ()
2025-07-10 14:15:56 [INFO] sqlalchemy.engine.Engine: BEGIN (implicit)
2025-07-10 14:15:56 [INFO] sqlalchemy.engine.Engine: SELECT pg_catalog.pg_class.relname 
FROM pg_catalog.pg_class JOIN pg_catalog.pg_namespace ON pg_catalog.pg_namespace.oid = pg_catalog.pg_class.relnamespace 
WHERE pg_catalog.pg_class.relname = $1::VARCHAR AND pg_catalog.pg_class.relkind = ANY (ARRAY[$2::VARCHAR, $3::VARCHAR, $4::VARCHAR, $5::VARCHAR, $6::VARCHAR]) AND pg_catalog.pg_table_is_visible(pg_catalog.pg_class.oid) AND pg_catalog.pg_namespace.nspname != $7::VARCHAR
2025-07-10 14:15:56 [INFO] sqlalchemy.engine.Engine: [generated in 0.00059s] ('users', 'r', 'p', 'f', 'v', 'm', 'pg_catalog')
2025-07-10 14:15:56 [INFO] sqlalchemy.engine.Engine: COMMIT
2025-07-10 14:15:56 [INFO] app.main: Started app
2025-07-10 14:17:31 [INFO] sqlalchemy.engine.Engine: select pg_catalog.version()
2025-07-10 14:17:31 [INFO] sqlalchemy.engine.Engine: [raw sql] ()
2025-07-10 14:17:31 [INFO] sqlalchemy.engine.Engine: select current_schema()
2025-07-10 14:17:31 [INFO] sqlalchemy.engine.Engine: [raw sql] ()
2025-07-10 14:17:31 [INFO] sqlalchemy.engine.Engine: show standard_conforming_strings
2025-07-10 14:17:31 [INFO] sqlalchemy.engine.Engine: [raw sql] ()
2025-07-10 14:17:31 [INFO] sqlalchemy.engine.Engine: BEGIN (implicit)
2025-07-10 14:17:31 [INFO] sqlalchemy.engine.Engine: SELECT pg_catalog.pg_class.relname 
FROM pg_catalog.pg_class JOIN pg_catalog.pg_namespace ON pg_catalog.pg_namespace.oid = pg_catalog.pg_class.relnamespace 
WHERE pg_catalog.pg_class.relname = $1::VARCHAR AND pg_catalog.pg_class.relkind = ANY (ARRAY[$2::VARCHAR, $3::VARCHAR, $4::VARCHAR, $5::VARCHAR, $6::VARCHAR]) AND pg_catalog.pg_table_is_visible(pg_catalog.pg_class.oid) AND pg_catalog.pg_namespace.nspname != $7::VARCHAR
2025-07-10 14:17:31 [INFO] sqlalchemy.engine.Engine: [generated in 0.00058s] ('users', 'r', 'p', 'f', 'v', 'm', 'pg_catalog')
2025-07-10 14:17:31 [INFO] app.db.postgres_init: Created tables
2025-07-10 14:17:31 [INFO] sqlalchemy.engine.Engine: COMMIT
